  5Lab.cpp
  Airplane_In_Data.cpp
D:\Another\Учеба 3 курс 2 семестр\Методы проги\New Labs\5LabOOP\5Lab\Airplane_In_Data.cpp(26,23): warning C4018: <: несоответствие типов со знаком и без знака
D:\Another\Учеба 3 курс 2 семестр\Методы проги\New Labs\5LabOOP\5Lab\Airplane_In_Data.cpp(51,23): warning C4018: <: несоответствие типов со знаком и без знака
  Airplane_Out_Data.cpp
  Clear_Container.cpp
  Compare.cpp
  Get_Cargo_weight.cpp
  Get_Distance.cpp
  Get_Speed.cpp
  Init_Container.cpp
  In_Container.cpp
  In_Transport.cpp
D:\Another\Учеба 3 курс 2 семестр\Методы проги\New Labs\5LabOOP\5Lab\In_Transport.cpp(63,23): warning C4018: <: несоответствие типов со знаком и без знака
D:\Another\Учеба 3 курс 2 семестр\Методы проги\New Labs\5LabOOP\5Lab\In_Transport.cpp(88,23): warning C4018: <: несоответствие типов со знаком и без знака
D:\Another\Учеба 3 курс 2 семестр\Методы проги\New Labs\5LabOOP\5Lab\In_Transport.cpp(115,23): warning C4018: <: несоответствие типов со знаком и без знака
  Out_Container.cpp
  Out_Only_Airplane.cpp
  Out_Only_Airplane_Container.cpp
  Out_Only_Airplane_Transport.cpp
  Ship_In_Data.cpp
D:\Another\Учеба 3 курс 2 семестр\Методы проги\New Labs\5LabOOP\5Lab\Ship_In_Data.cpp(26,23): warning C4018: <: несоответствие типов со знаком и без знака
  Ship_Out_Data.cpp
  Sort.cpp
  Train_In_Data.cpp
D:\Another\Учеба 3 курс 2 семестр\Методы проги\New Labs\5LabOOP\5Lab\Train_In_Data.cpp(26,23): warning C4018: <: несоответствие типов со знаком и без знака
  Train_Out_Data.cpp
  Создание кода...
  Компиляция...
  Travel_time.cpp
  Создание кода...
  5Lab.vcxproj -> D:\Another\Учеба 3 курс 2 семестр\Методы проги\New Labs\5LabOOP\Debug\5Lab.exe
